<?xml version="1.0" encoding="UTF-8" ?>
<testsuite failures="0" time="23.581" errors="0" skipped="0" tests="2" name="org.apache.hadoop.chukwa.datacollection.adaptor.TestDirTailingAdaptor">
  <properties>
    <property name="java.runtime.name" value="Java(TM) SE Runtime Environment"/>
    <property name="sun.boot.library.path" value="/homes/gws/sdietzel/jsr308/jdk1.7.0_10/jre/lib/amd64"/>
    <property name="java.vm.version" value="23.6-b03"/>
    <property name="java.vm.vendor" value="Oracle Corporation"/>
    <property name="java.vendor.url" value="http://java.oracle.com/"/>
    <property name="path.separator" value=":"/>
    <property name="guice.disable.misplaced.annotation.check" value="true"/>
    <property name="java.vm.name" value="Java HotSpot(TM) 64-Bit Server VM"/>
    <property name="file.encoding.pkg" value="sun.io"/>
    <property name="user.country" value="US"/>
    <property name="sun.java.launcher" value="SUN_STANDARD"/>
    <property name="sun.os.patch.level" value="unknown"/>
    <property name="java.vm.specification.name" value="Java Virtual Machine Specification"/>
    <property name="user.dir" value="/homes/gws/sdietzel/chukwa/chukwa/trunk"/>
    <property name="java.runtime.version" value="1.7.0_10-ea-b09"/>
    <property name="java.awt.graphicsenv" value="sun.awt.X11GraphicsEnvironment"/>
    <property name="java.endorsed.dirs" value="/homes/gws/sdietzel/jsr308/jdk1.7.0_10/jre/lib/endorsed"/>
    <property name="os.arch" value="amd64"/>
    <property name="java.io.tmpdir" value="/tmp"/>
    <property name="line.separator" value="
"/>
    <property name="java.vm.specification.vendor" value="Oracle Corporation"/>
    <property name="os.name" value="Linux"/>
    <property name="classworlds.conf" value="/homes/gws/sdietzel/installed/apache-maven-3.0.4/bin/m2.conf"/>
    <property name="sun.jnu.encoding" value="UTF-8"/>
    <property name="java.library.path" value="/usr/java/packages/lib/amd64:/usr/lib64:/lib64:/lib:/usr/lib"/>
    <property name="java.specification.name" value="Java Platform API Specification"/>
    <property name="java.class.version" value="51.0"/>
    <property name="sun.management.compiler" value="HotSpot 64-Bit Tiered Compilers"/>
    <property name="os.version" value="2.6.38-2cse.3"/>
    <property name="user.home" value="/homes/gws/sdietzel"/>
    <property name="user.timezone" value="America/Los_Angeles"/>
    <property name="java.awt.printerjob" value="sun.print.PSPrinterJob"/>
    <property name="file.encoding" value="UTF-8"/>
    <property name="java.specification.version" value="1.7"/>
    <property name="user.name" value="sdietzel"/>
    <property name="java.class.path" value="/homes/gws/sdietzel/installed/apache-maven-3.0.4/boot/plexus-classworlds-2.4.jar"/>
    <property name="java.vm.specification.version" value="1.7"/>
    <property name="sun.arch.data.model" value="64"/>
    <property name="java.home" value="/homes/gws/sdietzel/jsr308/jdk1.7.0_10/jre"/>
    <property name="sun.java.command" value="org.codehaus.plexus.classworlds.launcher.Launcher clean package"/>
    <property name="java.specification.vendor" value="Oracle Corporation"/>
    <property name="user.language" value="en"/>
    <property name="awt.toolkit" value="sun.awt.X11.XToolkit"/>
    <property name="java.vm.info" value="mixed mode"/>
    <property name="java.version" value="1.7.0_10-ea"/>
    <property name="java.ext.dirs" value="/homes/gws/sdietzel/jsr308/jdk1.7.0_10/jre/lib/ext:/usr/java/packages/lib/ext"/>
    <property name="securerandom.source" value="file:/dev/./urandom"/>
    <property name="sun.boot.class.path" value="/homes/gws/sdietzel/jsr308/jdk1.7.0_10/jre/lib/resources.jar:/homes/gws/sdietzel/jsr308/jdk1.7.0_10/jre/lib/rt.jar:/homes/gws/sdietzel/jsr308/jdk1.7.0_10/jre/lib/sunrsasign.jar:/homes/gws/sdietzel/jsr308/jdk1.7.0_10/jre/lib/jsse.jar:/homes/gws/sdietzel/jsr308/jdk1.7.0_10/jre/lib/jce.jar:/homes/gws/sdietzel/jsr308/jdk1.7.0_10/jre/lib/charsets.jar:/homes/gws/sdietzel/jsr308/jdk1.7.0_10/jre/lib/jfr.jar:/homes/gws/sdietzel/jsr308/jdk1.7.0_10/jre/classes"/>
    <property name="java.vendor" value="Oracle Corporation"/>
    <property name="maven.home" value="/homes/gws/sdietzel/installed/apache-maven-3.0.4"/>
    <property name="file.separator" value="/"/>
    <property name="java.vendor.url.bug" value="http://bugreport.sun.com/bugreport/"/>
    <property name="sun.cpu.endian" value="little"/>
    <property name="sun.io.unicode.encoding" value="UnicodeLittle"/>
    <property name="sun.desktop" value="gnome"/>
    <property name="sun.cpu.isalist" value=""/>
  </properties>
  <testcase time="12.777" classname="org.apache.hadoop.chukwa.datacollection.adaptor.TestDirTailingAdaptor" name="testDirTailerFiltering"/>
  <testcase time="10.771" classname="org.apache.hadoop.chukwa.datacollection.adaptor.TestDirTailingAdaptor" name="testDirTailer"/>
</testsuite>